<component name="libraryTable">
  <library name="junit-jupiter-5.8.2">
    <CLASSES>
      <root url="jar://$APPLICATION_HOME_DIR$/lib/junit-jupiter-5.8.2.jar!/" />
    </CLASSES>
    <JAVADOC />
    <SOURCES />
  </library>
</component>