<component name="libraryTable">
  <library name="junit-jupiter-5.8.2">
    <CLASSES>
      <root url="jar://E:/DowloadFile/gson-2.9.0.jar!/" />
      <root url="jar://E:/DowloadFile/gson-2.8.2.jar!/" />
    </CLASSES>
    <JAVADOC />
    <SOURCES>
      <root url="file://$PROJECT_DIR$/src" />
    </SOURCES>
  </library>
</component>